<?xml version="1.0" encoding="UTF-8"?>
<!-- Generated by org.testng.reporters.JUnitReportReporter -->
<testsuite hostname="YMQN00623274A" failures="0" tests="1" name="PaymentProcessor.PaymentProcessor.PaymentTest" time="0.007" errors="0" timestamp="2019-08-26T21:25:57 EDT" skipped="0">
  <testcase classname="PaymentProcessor.PaymentProcessor.PaymentTest" name="testVideoBehaviour" time="0.007"/>
</testsuite> <!-- PaymentProcessor.PaymentProcessor.PaymentTest -->
